mode: set
router-schema/app/handler/greeting-handler.go:8.73,11.2 2 0
router-schema/app/routes/routes.go:15.31,21.66 2 0
router-schema/app/routes/routes.go:21.66,24.5 2 0
router-schema/app/routes/routes.go:25.68,28.5 2 0
router-schema/app/routes/routes.go:33.70,37.5 3 0
router-schema/app/lib/middleware.go:23.53,30.2 2 0
router-schema/app/lib/middleware.go:32.57,36.2 2 0
router-schema/app/lib/middleware.go:38.59,42.2 2 0
router-schema/app/lib/middleware.go:44.64,45.67 1 0
router-schema/app/lib/middleware.go:45.67,47.44 1 0
router-schema/app/lib/middleware.go:47.44,49.18 2 0
router-schema/app/lib/middleware.go:49.18,52.5 2 0
router-schema/app/lib/middleware.go:53.4,53.21 1 0
router-schema/app/lib/middleware.go:53.21,55.5 1 0
router-schema/app/lib/middleware.go:58.3,59.17 2 0
router-schema/app/lib/middleware.go:59.17,62.4 2 0
router-schema/app/lib/middleware.go:63.3,63.20 1 0
router-schema/app/lib/middleware.go:63.20,65.4 1 0
router-schema/app/lib/middleware.go:68.3,68.54 1 0
router-schema/app/lib/middleware.go:68.54,70.18 2 0
router-schema/app/lib/middleware.go:70.18,73.5 2 0
router-schema/app/lib/middleware.go:74.4,74.21 1 0
router-schema/app/lib/middleware.go:74.21,76.5 1 0
router-schema/app/lib/middleware.go:78.3,78.21 1 0
router-schema/app/lib/router.go:9.73,16.49 5 0
router-schema/app/lib/router.go:16.49,17.19 1 0
router-schema/app/lib/router.go:17.19,19.4 1 0
router-schema/app/lib/router.go:19.9,23.4 1 0
router-schema/app/lib/router.go:24.8,26.3 1 0
router-schema/app/lib/router.go:28.2,28.21 1 0
router-schema/app/lib/router.go:31.72,32.54 1 0
router-schema/app/lib/router.go:32.54,41.17 6 0
router-schema/app/lib/router.go:41.17,44.4 2 0
router-schema/app/lib/router.go:44.9,46.4 1 0
router-schema/app/lib/routes.go:46.44,63.37 4 0
router-schema/app/lib/routes.go:63.37,69.3 2 0
router-schema/app/lib/routes.go:71.2,71.15 1 0
router-schema/app/lib/routes.go:74.58,75.22 1 0
router-schema/app/lib/routes.go:75.22,77.3 1 0
router-schema/app/lib/routes.go:79.2,81.3 1 0
router-schema/app/lib/routes.go:84.47,87.2 2 0
router-schema/app/lib/routes.go:88.46,91.2 2 0
router-schema/app/lib/routes.go:92.43,95.2 2 0
router-schema/app/lib/routes.go:96.44,99.2 2 0
router-schema/app/lib/routes.go:100.47,103.2 2 0
router-schema/app/lib/routes.go:104.45,107.2 2 0
router-schema/app/lib/routes.go:108.44,111.2 2 0
router-schema/app/lib/routes.go:112.43,115.2 2 0
router-schema/app/lib/routes.go:116.45,119.2 2 0
router-schema/app/lib/routes.go:121.51,126.18 4 0
router-schema/app/lib/routes.go:126.18,131.3 1 0
router-schema/app/lib/routes.go:131.8,132.54 1 0
router-schema/app/lib/routes.go:132.54,137.4 1 0
router-schema/app/lib/routes.go:139.3,142.5 1 0
router-schema/app/cmd/main.go:12.13,14.2 1 0
router-schema/app/cmd/main.go:16.13,24.65 5 0
router-schema/app/cmd/main.go:24.65,26.3 1 0
router-schema/app/cmd/main.go:12.13,14.2 1 0
router-schema/app/cmd/main.go:16.13,24.65 5 0
router-schema/app/cmd/main.go:24.65,26.3 1 0
router-schema/app/handler/greeting-handler.go:8.73,11.2 2 0
router-schema/app/lib/middleware.go:23.53,30.2 2 1
router-schema/app/lib/middleware.go:32.57,36.2 2 1
router-schema/app/lib/middleware.go:38.59,42.2 2 1
router-schema/app/lib/middleware.go:44.64,45.67 1 1
router-schema/app/lib/middleware.go:45.67,47.44 1 0
router-schema/app/lib/middleware.go:47.44,49.18 2 0
router-schema/app/lib/middleware.go:49.18,52.5 2 0
router-schema/app/lib/middleware.go:53.4,53.21 1 0
router-schema/app/lib/middleware.go:53.21,55.5 1 0
router-schema/app/lib/middleware.go:58.3,59.17 2 0
router-schema/app/lib/middleware.go:59.17,62.4 2 0
router-schema/app/lib/middleware.go:63.3,63.20 1 0
router-schema/app/lib/middleware.go:63.20,65.4 1 0
router-schema/app/lib/middleware.go:68.3,68.54 1 0
router-schema/app/lib/middleware.go:68.54,70.18 2 0
router-schema/app/lib/middleware.go:70.18,73.5 2 0
router-schema/app/lib/middleware.go:74.4,74.21 1 0
router-schema/app/lib/middleware.go:74.21,76.5 1 0
router-schema/app/lib/middleware.go:78.3,78.21 1 0
router-schema/app/lib/router.go:9.73,16.49 5 0
router-schema/app/lib/router.go:16.49,17.19 1 0
router-schema/app/lib/router.go:17.19,19.4 1 0
router-schema/app/lib/router.go:19.9,23.4 1 0
router-schema/app/lib/router.go:24.8,26.3 1 0
router-schema/app/lib/router.go:28.2,28.21 1 0
router-schema/app/lib/router.go:31.72,32.54 1 0
router-schema/app/lib/router.go:32.54,41.17 6 0
router-schema/app/lib/router.go:41.17,44.4 2 0
router-schema/app/lib/router.go:44.9,46.4 1 0
router-schema/app/lib/routes.go:46.44,63.37 4 1
router-schema/app/lib/routes.go:63.37,69.3 2 1
router-schema/app/lib/routes.go:71.2,71.15 1 1
router-schema/app/lib/routes.go:74.58,75.22 1 1
router-schema/app/lib/routes.go:75.22,77.3 1 1
router-schema/app/lib/routes.go:79.2,81.3 1 1
router-schema/app/lib/routes.go:84.47,87.2 2 0
router-schema/app/lib/routes.go:88.46,91.2 2 0
router-schema/app/lib/routes.go:92.43,95.2 2 1
router-schema/app/lib/routes.go:96.44,99.2 2 0
router-schema/app/lib/routes.go:100.47,103.2 2 0
router-schema/app/lib/routes.go:104.45,107.2 2 0
router-schema/app/lib/routes.go:108.44,111.2 2 0
router-schema/app/lib/routes.go:112.43,115.2 2 0
router-schema/app/lib/routes.go:116.45,119.2 2 0
router-schema/app/lib/routes.go:121.51,126.18 4 1
router-schema/app/lib/routes.go:126.18,131.3 1 1
router-schema/app/lib/routes.go:131.8,132.54 1 1
router-schema/app/lib/routes.go:132.54,137.4 1 1
router-schema/app/lib/routes.go:139.3,142.5 1 1
router-schema/app/routes/routes.go:15.31,21.66 2 0
router-schema/app/routes/routes.go:21.66,24.5 2 0
router-schema/app/routes/routes.go:25.68,28.5 2 0
router-schema/app/routes/routes.go:33.70,37.5 3 0
