mode: set
router-schema/app/lib/middleware.go:23.53,30.2 2 0
router-schema/app/lib/middleware.go:32.57,36.2 2 0
router-schema/app/lib/middleware.go:38.59,42.2 2 0
router-schema/app/lib/middleware.go:44.64,45.67 1 0
router-schema/app/lib/middleware.go:45.67,48.44 2 0
router-schema/app/lib/middleware.go:48.44,51.18 3 0
router-schema/app/lib/middleware.go:51.18,54.5 2 0
router-schema/app/lib/middleware.go:55.4,55.23 1 0
router-schema/app/lib/middleware.go:55.23,57.10 2 0
router-schema/app/lib/middleware.go:60.3,60.22 1 0
router-schema/app/lib/middleware.go:60.22,62.4 1 0
router-schema/app/lib/middleware.go:64.3,65.17 2 0
router-schema/app/lib/middleware.go:65.17,68.4 2 0
router-schema/app/lib/middleware.go:69.3,69.20 1 0
router-schema/app/lib/middleware.go:69.20,71.4 1 0
router-schema/app/lib/middleware.go:74.3,74.54 1 0
router-schema/app/lib/middleware.go:74.54,76.18 2 0
router-schema/app/lib/middleware.go:76.18,79.5 2 0
router-schema/app/lib/middleware.go:80.4,80.21 1 0
router-schema/app/lib/middleware.go:80.21,82.5 1 0
router-schema/app/lib/middleware.go:84.3,84.21 1 0
router-schema/app/lib/router.go:11.73,18.49 5 0
router-schema/app/lib/router.go:18.49,19.19 1 0
router-schema/app/lib/router.go:19.19,21.4 1 0
router-schema/app/lib/router.go:21.9,25.4 1 0
router-schema/app/lib/router.go:26.8,28.3 1 0
router-schema/app/lib/router.go:30.2,30.21 1 0
router-schema/app/lib/router.go:33.72,34.54 1 0
router-schema/app/lib/router.go:34.54,43.17 6 0
router-schema/app/lib/router.go:43.17,46.4 2 0
router-schema/app/lib/router.go:46.9,58.4 7 0
router-schema/app/lib/routes.go:46.44,63.37 4 0
router-schema/app/lib/routes.go:63.37,69.3 2 0
router-schema/app/lib/routes.go:71.2,71.15 1 0
router-schema/app/lib/routes.go:74.58,75.22 1 0
router-schema/app/lib/routes.go:75.22,77.3 1 0
router-schema/app/lib/routes.go:79.2,81.3 1 0
router-schema/app/lib/routes.go:84.47,87.2 2 0
router-schema/app/lib/routes.go:88.46,91.2 2 0
router-schema/app/lib/routes.go:92.43,95.2 2 0
router-schema/app/lib/routes.go:96.44,99.2 2 0
router-schema/app/lib/routes.go:100.47,103.2 2 0
router-schema/app/lib/routes.go:104.45,107.2 2 0
router-schema/app/lib/routes.go:108.44,111.2 2 0
router-schema/app/lib/routes.go:112.43,115.2 2 0
router-schema/app/lib/routes.go:116.45,119.2 2 0
router-schema/app/lib/routes.go:121.51,126.18 4 0
router-schema/app/lib/routes.go:126.18,131.3 1 0
router-schema/app/lib/routes.go:131.8,132.54 1 0
router-schema/app/lib/routes.go:132.54,137.4 1 0
router-schema/app/lib/routes.go:139.3,142.5 1 0
router-schema/app/lib/middleware.go:23.53,30.2 2 1
router-schema/app/lib/middleware.go:32.57,36.2 2 1
router-schema/app/lib/middleware.go:38.59,42.2 2 1
router-schema/app/lib/middleware.go:44.64,45.67 1 1
router-schema/app/lib/middleware.go:45.67,48.44 2 1
router-schema/app/lib/middleware.go:48.44,51.18 3 1
router-schema/app/lib/middleware.go:51.18,54.5 2 1
router-schema/app/lib/middleware.go:55.4,55.23 1 1
router-schema/app/lib/middleware.go:55.23,57.10 2 1
router-schema/app/lib/middleware.go:60.3,60.22 1 1
router-schema/app/lib/middleware.go:60.22,62.4 1 1
router-schema/app/lib/middleware.go:64.3,65.17 2 1
router-schema/app/lib/middleware.go:65.17,68.4 2 1
router-schema/app/lib/middleware.go:69.3,69.20 1 1
router-schema/app/lib/middleware.go:69.20,71.4 1 1
router-schema/app/lib/middleware.go:74.3,74.54 1 1
router-schema/app/lib/middleware.go:74.54,76.18 2 1
router-schema/app/lib/middleware.go:76.18,79.5 2 1
router-schema/app/lib/middleware.go:80.4,80.21 1 1
router-schema/app/lib/middleware.go:80.21,82.5 1 1
router-schema/app/lib/middleware.go:84.3,84.21 1 1
router-schema/app/lib/router.go:11.73,18.49 5 1
router-schema/app/lib/router.go:18.49,19.19 1 1
router-schema/app/lib/router.go:19.19,21.4 1 1
router-schema/app/lib/router.go:21.9,25.4 1 1
router-schema/app/lib/router.go:26.8,28.3 1 1
router-schema/app/lib/router.go:30.2,30.21 1 1
router-schema/app/lib/router.go:33.72,34.54 1 1
router-schema/app/lib/router.go:34.54,43.17 6 1
router-schema/app/lib/router.go:43.17,46.4 2 1
router-schema/app/lib/router.go:46.9,58.4 7 1
router-schema/app/lib/routes.go:46.44,63.37 4 1
router-schema/app/lib/routes.go:63.37,69.3 2 1
router-schema/app/lib/routes.go:71.2,71.15 1 1
router-schema/app/lib/routes.go:74.58,75.22 1 1
router-schema/app/lib/routes.go:75.22,77.3 1 1
router-schema/app/lib/routes.go:79.2,81.3 1 1
router-schema/app/lib/routes.go:84.47,87.2 2 1
router-schema/app/lib/routes.go:88.46,91.2 2 1
router-schema/app/lib/routes.go:92.43,95.2 2 1
router-schema/app/lib/routes.go:96.44,99.2 2 1
router-schema/app/lib/routes.go:100.47,103.2 2 1
router-schema/app/lib/routes.go:104.45,107.2 2 1
router-schema/app/lib/routes.go:108.44,111.2 2 1
router-schema/app/lib/routes.go:112.43,115.2 2 1
router-schema/app/lib/routes.go:116.45,119.2 2 1
router-schema/app/lib/routes.go:121.51,126.18 4 1
router-schema/app/lib/routes.go:126.18,131.3 1 1
router-schema/app/lib/routes.go:131.8,132.54 1 1
router-schema/app/lib/routes.go:132.54,137.4 1 1
router-schema/app/lib/routes.go:139.3,142.5 1 1
